[digitalcorsel.com/index.html]
[ittisa.com/index.html]
[backblue.gif]
[fade.gif]
[index.html]
[ittisa.com/wp-content/uploads/2017/07/icon-17.png]
[maxcdn.bootstrapcdn.com/bootstrap/3.3.7/css/bootstrap.min.css]
[cdnjs.cloudflare.com/ajax/libs/font-awesome/4.7.0/css/font-awesome.min.css]
[cdn.rawgit.com/michalsnik/aos/2.0.4/dist/aos.css]
[ajax.googleapis.com/ajax/libs/jquery/3.2.1/jquery.min.js]
[ittisa.com/wp-content/mmr/57da19d6-1478151634.min.js]
[code.jquery.com/jquery-2.2.0.min.js]
[ittisa.com/xmlrpc0db0.php]
[ittisa.com/wp-json/index.html]
[ittisa.com/wp-includes/wlwmanifest.xml]
[cdnjs.cloudflare.com/ajax/libs/animate.css/3.7.0/animate.css]
[www.google-analytics.com/analytics.js]
[i.imgur.com/cx9waHy.png]
[i.imgur.com/dFH1GXr.png]
[i.imgur.com/nQc6ReG.png]
[i.imgur.com/331aFPY.png]
[i.imgur.com/KTAN8Nl.png]
[i.imgur.com/nx9SaXY.png]
[cdn1.databox.com/badges/DataboxCertifiedPartner_a1d34a.png]
[ittisa.com/wp-content/themes/ittisa-v3/assets/images/michigan.png]
[ittisa.com/wp-content/themes/ittisa-v3/assets/images/Cali.png]
[ittisa.com/wp-content/themes/ittisa-v3/assets/images/bangalore.png]
[ittisa.com/wp-content/uploads/2018/04/kolkata.png]
[ittisa.com/wp-content/mmr/1aee18a8-1544670263.min.js]
[www.google.com/recaptcha/apiae20.js]
[ittisa.com/wp-content/mmr/a66f0b2e-1498560362.min.js]
[maxcdn.bootstrapcdn.com/bootstrap/3.3.7/js/bootstrap.min.js]
[ittisa.com/wp-content/mmr/d5500c9f-1498560712.min.js]
[cdn.rawgit.com/michalsnik/aos/2.0.4/dist/aos.js]
[ittisa.com/wp-content/mmr/90770a6c-1554886115.min.js]
[widget-v4.tidiochat.com/1_12_2/static/js/render.2d4df00a87d95b50b130.js]
[ittisa.com/wp-content/themes/ittisa-v3/bubbles/js/paper-full.js]
[ittisa.com/wp-content/themes/ittisa-v3/bubbles/js/matter.min.js]
[cdnjs.cloudflare.com/ajax/libs/gsap/1.19.0/TweenMax.min.js]
[ittisa.com/wp-content/themes/ittisa-v3/bubbles/js/bubble.class.js]
[ittisa.com/wp-content/themes/ittisa-v3/bubbles/js/main.js]
[cdnjs.cloudflare.com/ajax/libs/wow/1.1.2/wow.min.js]
[ittisa.com/index.html]
[ajax.googleapis.com/ajax/libs/webfont/1.5.3/webfont.js]
[digitalcorsel.com/feed/index.html]
[digitalcorsel.com/comments/feed/index.html]
